NextG_3G4G/lib_progress/build/outputs/logs/manifest-merger-release-report.txt
-- Merging decision tree log ---
manifest
ADDED from src/main/AndroidManifest.xml:2:1-4:12
INJECTED from src/main/AndroidManifest.xml:2:1-4:12
INJECTED from src/main/AndroidManifest.xml:2:1-4:12
	package
		ADDED from src/main/AndroidManifest.xml:2:11-32
		INJECTED from src/main/AndroidManifest.xml
		INJECTED from src/main/AndroidManifest.xml
application
ADDED from src/main/AndroidManifest.xml:3:5-19